ERROR - 2024-08-26 00:37:47 --> mysqli_sql_exception: Column 'dpi' cannot be null in C:\xampp\htdocs\Proyectos\HT2-CodeIgniter4\system\Database\MySQLi\Connection.php:312
Stack trace:
#0 C:\xampp\htdocs\Proyectos\HT2-CodeIgniter4\system\Database\MySQLi\Connection.php(312): mysqli->query('INSERT INTO `ci...', 0)
#1 C:\xampp\htdocs\Proyectos\HT2-CodeIgniter4\system\Database\BaseConnection.php(734): CodeIgniter\Database\MySQLi\Connection->execute('INSERT INTO `ci...')
#2 C:\xampp\htdocs\Proyectos\HT2-CodeIgniter4\system\Database\BaseConnection.php(648): CodeIgniter\Database\BaseConnection->simpleQuery('INSERT INTO `ci...')
#3 C:\xampp\htdocs\Proyectos\HT2-CodeIgniter4\system\Database\BaseBuilder.php(2332): CodeIgniter\Database\BaseConnection->query('INSERT INTO `ci...', Array, false)
#4 C:\xampp\htdocs\Proyectos\HT2-CodeIgniter4\system\Model.php(394): CodeIgniter\Database\BaseBuilder->insert()
#5 C:\xampp\htdocs\Proyectos\HT2-CodeIgniter4\system\BaseModel.php(840): CodeIgniter\Model->doInsert(Array)
#6 C:\xampp\htdocs\Proyectos\HT2-CodeIgniter4\system\Model.php(802): CodeIgniter\BaseModel->insert(Array, true)
#7 C:\xampp\htdocs\Proyectos\HT2-CodeIgniter4\app\Controllers\CiudadanosController.php(37): CodeIgniter\Model->insert(Array)
#8 C:\xampp\htdocs\Proyectos\HT2-CodeIgniter4\system\CodeIgniter.php(933): App\Controllers\CiudadanosController->guardarCiudadano()
#9 C:\xampp\htdocs\Proyectos\HT2-CodeIgniter4\system\CodeIgniter.php(509): CodeIgniter\CodeIgniter->runController(Object(App\Controllers\CiudadanosController))
#10 C:\xampp\htdocs\Proyectos\HT2-CodeIgniter4\system\CodeIgniter.php(355): CodeIgniter\CodeIgniter->handleRequest(NULL, Object(Config\Cache), false)
#11 C:\xampp\htdocs\Proyectos\HT2-CodeIgniter4\system\Boot.php(325): CodeIgniter\CodeIgniter->run()
#12 C:\xampp\htdocs\Proyectos\HT2-CodeIgniter4\system\Boot.php(67): CodeIgniter\Boot::runCodeIgniter(Object(CodeIgniter\CodeIgniter))
#13 C:\xampp\htdocs\Proyectos\HT2-CodeIgniter4\public\index.php(56): CodeIgniter\Boot::bootWeb(Object(Config\Paths))
#14 {main}
CRITICAL - 2024-08-26 00:37:47 --> CodeIgniter\Database\Exceptions\DatabaseException: Column 'dpi' cannot be null
[Method: POST, Route: guardar_ciudadano]
in SYSTEMPATH\Database\BaseConnection.php on line 688.
 1 SYSTEMPATH\Database\BaseBuilder.php(2332): CodeIgniter\Database\BaseConnection->query('INSERT INTO `ciudadanos` (`dpi`, `apellido`, `nombre`, `direccion`, `tel_casa`, `tel_movil`, `email`, `fechanac`, `cod_nivel_acad`, `cod_muni`, `contra`) VALUES (:dpi:, :apellido:, :nombre:, :direccion:, :tel_casa:, :tel_movil:, :email:, :fechanac:, :cod_nivel_acad:, :cod_muni:, :contra:)', [...], false)
 2 SYSTEMPATH\Model.php(394): CodeIgniter\Database\BaseBuilder->insert()
 3 SYSTEMPATH\BaseModel.php(840): CodeIgniter\Model->doInsert([...])
 4 SYSTEMPATH\Model.php(802): CodeIgniter\BaseModel->insert([...], true)
 5 APPPATH\Controllers\CiudadanosController.php(37): CodeIgniter\Model->insert([...])
 6 SYSTEMPATH\CodeIgniter.php(933): App\Controllers\CiudadanosController->guardarCiudadano()
 7 SYSTEMPATH\CodeIgniter.php(509): CodeIgniter\CodeIgniter->runController(Object(App\Controllers\CiudadanosController))
 8 SYSTEMPATH\CodeIgniter.php(355): CodeIgniter\CodeIgniter->handleRequest(null, Object(Config\Cache), false)
 9 SYSTEMPATH\Boot.php(325): CodeIgniter\CodeIgniter->run()
10 SYSTEMPATH\Boot.php(67): CodeIgniter\Boot::runCodeIgniter(Object(CodeIgniter\CodeIgniter))
11 FCPATH\index.php(56): CodeIgniter\Boot::bootWeb(Object(Config\Paths))
CRITICAL - 2024-08-26 00:37:47 --> [Caused by] CodeIgniter\Database\Exceptions\DatabaseException: Column 'dpi' cannot be null
in SYSTEMPATH\Database\MySQLi\Connection.php on line 317.
 1 SYSTEMPATH\Database\BaseConnection.php(734): CodeIgniter\Database\MySQLi\Connection->execute('INSERT INTO `ciudadanos` (`dpi`, `apellido`, `nombre`, `direccion`, `tel_casa`, `tel_movil`, `email`, `fechanac`, `cod_nivel_acad`, `cod_muni`, `contra`) VALUES (NULL, NULL, NULL, NULL, NULL, NULL, NULL, NULL, NULL, NULL, NULL)')
 2 SYSTEMPATH\Database\BaseConnection.php(648): CodeIgniter\Database\BaseConnection->simpleQuery('INSERT INTO `ciudadanos` (`dpi`, `apellido`, `nombre`, `direccion`, `tel_casa`, `tel_movil`, `email`, `fechanac`, `cod_nivel_acad`, `cod_muni`, `contra`) VALUES (NULL, NULL, NULL, NULL, NULL, NULL, NULL, NULL, NULL, NULL, NULL)')
 3 SYSTEMPATH\Database\BaseBuilder.php(2332): CodeIgniter\Database\BaseConnection->query('INSERT INTO `ciudadanos` (`dpi`, `apellido`, `nombre`, `direccion`, `tel_casa`, `tel_movil`, `email`, `fechanac`, `cod_nivel_acad`, `cod_muni`, `contra`) VALUES (:dpi:, :apellido:, :nombre:, :direccion:, :tel_casa:, :tel_movil:, :email:, :fechanac:, :cod_nivel_acad:, :cod_muni:, :contra:)', [...], false)
 4 SYSTEMPATH\Model.php(394): CodeIgniter\Database\BaseBuilder->insert()
 5 SYSTEMPATH\BaseModel.php(840): CodeIgniter\Model->doInsert([...])
 6 SYSTEMPATH\Model.php(802): CodeIgniter\BaseModel->insert([...], true)
 7 APPPATH\Controllers\CiudadanosController.php(37): CodeIgniter\Model->insert([...])
 8 SYSTEMPATH\CodeIgniter.php(933): App\Controllers\CiudadanosController->guardarCiudadano()
 9 SYSTEMPATH\CodeIgniter.php(509): CodeIgniter\CodeIgniter->runController(Object(App\Controllers\CiudadanosController))
10 SYSTEMPATH\CodeIgniter.php(355): CodeIgniter\CodeIgniter->handleRequest(null, Object(Config\Cache), false)
11 SYSTEMPATH\Boot.php(325): CodeIgniter\CodeIgniter->run()
12 SYSTEMPATH\Boot.php(67): CodeIgniter\Boot::runCodeIgniter(Object(CodeIgniter\CodeIgniter))
13 FCPATH\index.php(56): CodeIgniter\Boot::bootWeb(Object(Config\Paths))
CRITICAL - 2024-08-26 00:37:47 --> [Caused by] mysqli_sql_exception: Column 'dpi' cannot be null
in SYSTEMPATH\Database\MySQLi\Connection.php on line 312.
 1 SYSTEMPATH\Database\MySQLi\Connection.php(312): mysqli->query('INSERT INTO `ciudadanos` (`dpi`, `apellido`, `nombre`, `direccion`, `tel_casa`, `tel_movil`, `email`, `fechanac`, `cod_nivel_acad`, `cod_muni`, `contra`) VALUES (NULL, NULL, NULL, NULL, NULL, NULL, NULL, NULL, NULL, NULL, NULL)', 0)
 2 SYSTEMPATH\Database\BaseConnection.php(734): CodeIgniter\Database\MySQLi\Connection->execute('INSERT INTO `ciudadanos` (`dpi`, `apellido`, `nombre`, `direccion`, `tel_casa`, `tel_movil`, `email`, `fechanac`, `cod_nivel_acad`, `cod_muni`, `contra`) VALUES (NULL, NULL, NULL, NULL, NULL, NULL, NULL, NULL, NULL, NULL, NULL)')
 3 SYSTEMPATH\Database\BaseConnection.php(648): CodeIgniter\Database\BaseConnection->simpleQuery('INSERT INTO `ciudadanos` (`dpi`, `apellido`, `nombre`, `direccion`, `tel_casa`, `tel_movil`, `email`, `fechanac`, `cod_nivel_acad`, `cod_muni`, `contra`) VALUES (NULL, NULL, NULL, NULL, NULL, NULL, NULL, NULL, NULL, NULL, NULL)')
 4 SYSTEMPATH\Database\BaseBuilder.php(2332): CodeIgniter\Database\BaseConnection->query('INSERT INTO `ciudadanos` (`dpi`, `apellido`, `nombre`, `direccion`, `tel_casa`, `tel_movil`, `email`, `fechanac`, `cod_nivel_acad`, `cod_muni`, `contra`) VALUES (:dpi:, :apellido:, :nombre:, :direccion:, :tel_casa:, :tel_movil:, :email:, :fechanac:, :cod_nivel_acad:, :cod_muni:, :contra:)', [...], false)
 5 SYSTEMPATH\Model.php(394): CodeIgniter\Database\BaseBuilder->insert()
 6 SYSTEMPATH\BaseModel.php(840): CodeIgniter\Model->doInsert([...])
 7 SYSTEMPATH\Model.php(802): CodeIgniter\BaseModel->insert([...], true)
 8 APPPATH\Controllers\CiudadanosController.php(37): CodeIgniter\Model->insert([...])
 9 SYSTEMPATH\CodeIgniter.php(933): App\Controllers\CiudadanosController->guardarCiudadano()
10 SYSTEMPATH\CodeIgniter.php(509): CodeIgniter\CodeIgniter->runController(Object(App\Controllers\CiudadanosController))
11 SYSTEMPATH\CodeIgniter.php(355): CodeIgniter\CodeIgniter->handleRequest(null, Object(Config\Cache), false)
12 SYSTEMPATH\Boot.php(325): CodeIgniter\CodeIgniter->run()
13 SYSTEMPATH\Boot.php(67): CodeIgniter\Boot::runCodeIgniter(Object(CodeIgniter\CodeIgniter))
14 FCPATH\index.php(56): CodeIgniter\Boot::bootWeb(Object(Config\Paths))
ERROR - 2024-08-26 00:39:39 --> mysqli_sql_exception: Column 'dpi' cannot be null in C:\xampp\htdocs\Proyectos\HT2-CodeIgniter4\system\Database\MySQLi\Connection.php:312
Stack trace:
#0 C:\xampp\htdocs\Proyectos\HT2-CodeIgniter4\system\Database\MySQLi\Connection.php(312): mysqli->query('INSERT INTO `ci...', 0)
#1 C:\xampp\htdocs\Proyectos\HT2-CodeIgniter4\system\Database\BaseConnection.php(734): CodeIgniter\Database\MySQLi\Connection->execute('INSERT INTO `ci...')
#2 C:\xampp\htdocs\Proyectos\HT2-CodeIgniter4\system\Database\BaseConnection.php(648): CodeIgniter\Database\BaseConnection->simpleQuery('INSERT INTO `ci...')
#3 C:\xampp\htdocs\Proyectos\HT2-CodeIgniter4\system\Database\BaseBuilder.php(2332): CodeIgniter\Database\BaseConnection->query('INSERT INTO `ci...', Array, false)
#4 C:\xampp\htdocs\Proyectos\HT2-CodeIgniter4\system\Model.php(394): CodeIgniter\Database\BaseBuilder->insert()
#5 C:\xampp\htdocs\Proyectos\HT2-CodeIgniter4\system\BaseModel.php(840): CodeIgniter\Model->doInsert(Array)
#6 C:\xampp\htdocs\Proyectos\HT2-CodeIgniter4\system\Model.php(802): CodeIgniter\BaseModel->insert(Array, true)
#7 C:\xampp\htdocs\Proyectos\HT2-CodeIgniter4\app\Controllers\CiudadanosController.php(37): CodeIgniter\Model->insert(Array)
#8 C:\xampp\htdocs\Proyectos\HT2-CodeIgniter4\system\CodeIgniter.php(933): App\Controllers\CiudadanosController->guardarCiudadano()
#9 C:\xampp\htdocs\Proyectos\HT2-CodeIgniter4\system\CodeIgniter.php(509): CodeIgniter\CodeIgniter->runController(Object(App\Controllers\CiudadanosController))
#10 C:\xampp\htdocs\Proyectos\HT2-CodeIgniter4\system\CodeIgniter.php(355): CodeIgniter\CodeIgniter->handleRequest(NULL, Object(Config\Cache), false)
#11 C:\xampp\htdocs\Proyectos\HT2-CodeIgniter4\system\Boot.php(325): CodeIgniter\CodeIgniter->run()
#12 C:\xampp\htdocs\Proyectos\HT2-CodeIgniter4\system\Boot.php(67): CodeIgniter\Boot::runCodeIgniter(Object(CodeIgniter\CodeIgniter))
#13 C:\xampp\htdocs\Proyectos\HT2-CodeIgniter4\public\index.php(56): CodeIgniter\Boot::bootWeb(Object(Config\Paths))
#14 {main}
CRITICAL - 2024-08-26 00:39:39 --> CodeIgniter\Database\Exceptions\DatabaseException: Column 'dpi' cannot be null
[Method: POST, Route: guardar_ciudadano]
in SYSTEMPATH\Database\BaseConnection.php on line 688.
 1 SYSTEMPATH\Database\BaseBuilder.php(2332): CodeIgniter\Database\BaseConnection->query('INSERT INTO `ciudadanos` (`dpi`, `apellido`, `nombre`, `direccion`, `tel_casa`, `tel_movil`, `email`, `fechanac`, `cod_nivel_acad`, `cod_muni`, `contra`) VALUES (:dpi:, :apellido:, :nombre:, :direccion:, :tel_casa:, :tel_movil:, :email:, :fechanac:, :cod_nivel_acad:, :cod_muni:, :contra:)', [...], false)
 2 SYSTEMPATH\Model.php(394): CodeIgniter\Database\BaseBuilder->insert()
 3 SYSTEMPATH\BaseModel.php(840): CodeIgniter\Model->doInsert([...])
 4 SYSTEMPATH\Model.php(802): CodeIgniter\BaseModel->insert([...], true)
 5 APPPATH\Controllers\CiudadanosController.php(37): CodeIgniter\Model->insert([...])
 6 SYSTEMPATH\CodeIgniter.php(933): App\Controllers\CiudadanosController->guardarCiudadano()
 7 SYSTEMPATH\CodeIgniter.php(509): CodeIgniter\CodeIgniter->runController(Object(App\Controllers\CiudadanosController))
 8 SYSTEMPATH\CodeIgniter.php(355): CodeIgniter\CodeIgniter->handleRequest(null, Object(Config\Cache), false)
 9 SYSTEMPATH\Boot.php(325): CodeIgniter\CodeIgniter->run()
10 SYSTEMPATH\Boot.php(67): CodeIgniter\Boot::runCodeIgniter(Object(CodeIgniter\CodeIgniter))
11 FCPATH\index.php(56): CodeIgniter\Boot::bootWeb(Object(Config\Paths))
CRITICAL - 2024-08-26 00:39:39 --> [Caused by] CodeIgniter\Database\Exceptions\DatabaseException: Column 'dpi' cannot be null
in SYSTEMPATH\Database\MySQLi\Connection.php on line 317.
 1 SYSTEMPATH\Database\BaseConnection.php(734): CodeIgniter\Database\MySQLi\Connection->execute('INSERT INTO `ciudadanos` (`dpi`, `apellido`, `nombre`, `direccion`, `tel_casa`, `tel_movil`, `email`, `fechanac`, `cod_nivel_acad`, `cod_muni`, `contra`) VALUES (NULL, NULL, NULL, NULL, NULL, NULL, NULL, NULL, NULL, NULL, NULL)')
 2 SYSTEMPATH\Database\BaseConnection.php(648): CodeIgniter\Database\BaseConnection->simpleQuery('INSERT INTO `ciudadanos` (`dpi`, `apellido`, `nombre`, `direccion`, `tel_casa`, `tel_movil`, `email`, `fechanac`, `cod_nivel_acad`, `cod_muni`, `contra`) VALUES (NULL, NULL, NULL, NULL, NULL, NULL, NULL, NULL, NULL, NULL, NULL)')
 3 SYSTEMPATH\Database\BaseBuilder.php(2332): CodeIgniter\Database\BaseConnection->query('INSERT INTO `ciudadanos` (`dpi`, `apellido`, `nombre`, `direccion`, `tel_casa`, `tel_movil`, `email`, `fechanac`, `cod_nivel_acad`, `cod_muni`, `contra`) VALUES (:dpi:, :apellido:, :nombre:, :direccion:, :tel_casa:, :tel_movil:, :email:, :fechanac:, :cod_nivel_acad:, :cod_muni:, :contra:)', [...], false)
 4 SYSTEMPATH\Model.php(394): CodeIgniter\Database\BaseBuilder->insert()
 5 SYSTEMPATH\BaseModel.php(840): CodeIgniter\Model->doInsert([...])
 6 SYSTEMPATH\Model.php(802): CodeIgniter\BaseModel->insert([...], true)
 7 APPPATH\Controllers\CiudadanosController.php(37): CodeIgniter\Model->insert([...])
 8 SYSTEMPATH\CodeIgniter.php(933): App\Controllers\CiudadanosController->guardarCiudadano()
 9 SYSTEMPATH\CodeIgniter.php(509): CodeIgniter\CodeIgniter->runController(Object(App\Controllers\CiudadanosController))
10 SYSTEMPATH\CodeIgniter.php(355): CodeIgniter\CodeIgniter->handleRequest(null, Object(Config\Cache), false)
11 SYSTEMPATH\Boot.php(325): CodeIgniter\CodeIgniter->run()
12 SYSTEMPATH\Boot.php(67): CodeIgniter\Boot::runCodeIgniter(Object(CodeIgniter\CodeIgniter))
13 FCPATH\index.php(56): CodeIgniter\Boot::bootWeb(Object(Config\Paths))
CRITICAL - 2024-08-26 00:39:39 --> [Caused by] mysqli_sql_exception: Column 'dpi' cannot be null
in SYSTEMPATH\Database\MySQLi\Connection.php on line 312.
 1 SYSTEMPATH\Database\MySQLi\Connection.php(312): mysqli->query('INSERT INTO `ciudadanos` (`dpi`, `apellido`, `nombre`, `direccion`, `tel_casa`, `tel_movil`, `email`, `fechanac`, `cod_nivel_acad`, `cod_muni`, `contra`) VALUES (NULL, NULL, NULL, NULL, NULL, NULL, NULL, NULL, NULL, NULL, NULL)', 0)
 2 SYSTEMPATH\Database\BaseConnection.php(734): CodeIgniter\Database\MySQLi\Connection->execute('INSERT INTO `ciudadanos` (`dpi`, `apellido`, `nombre`, `direccion`, `tel_casa`, `tel_movil`, `email`, `fechanac`, `cod_nivel_acad`, `cod_muni`, `contra`) VALUES (NULL, NULL, NULL, NULL, NULL, NULL, NULL, NULL, NULL, NULL, NULL)')
 3 SYSTEMPATH\Database\BaseConnection.php(648): CodeIgniter\Database\BaseConnection->simpleQuery('INSERT INTO `ciudadanos` (`dpi`, `apellido`, `nombre`, `direccion`, `tel_casa`, `tel_movil`, `email`, `fechanac`, `cod_nivel_acad`, `cod_muni`, `contra`) VALUES (NULL, NULL, NULL, NULL, NULL, NULL, NULL, NULL, NULL, NULL, NULL)')
 4 SYSTEMPATH\Database\BaseBuilder.php(2332): CodeIgniter\Database\BaseConnection->query('INSERT INTO `ciudadanos` (`dpi`, `apellido`, `nombre`, `direccion`, `tel_casa`, `tel_movil`, `email`, `fechanac`, `cod_nivel_acad`, `cod_muni`, `contra`) VALUES (:dpi:, :apellido:, :nombre:, :direccion:, :tel_casa:, :tel_movil:, :email:, :fechanac:, :cod_nivel_acad:, :cod_muni:, :contra:)', [...], false)
 5 SYSTEMPATH\Model.php(394): CodeIgniter\Database\BaseBuilder->insert()
 6 SYSTEMPATH\BaseModel.php(840): CodeIgniter\Model->doInsert([...])
 7 SYSTEMPATH\Model.php(802): CodeIgniter\BaseModel->insert([...], true)
 8 APPPATH\Controllers\CiudadanosController.php(37): CodeIgniter\Model->insert([...])
 9 SYSTEMPATH\CodeIgniter.php(933): App\Controllers\CiudadanosController->guardarCiudadano()
10 SYSTEMPATH\CodeIgniter.php(509): CodeIgniter\CodeIgniter->runController(Object(App\Controllers\CiudadanosController))
11 SYSTEMPATH\CodeIgniter.php(355): CodeIgniter\CodeIgniter->handleRequest(null, Object(Config\Cache), false)
12 SYSTEMPATH\Boot.php(325): CodeIgniter\CodeIgniter->run()
13 SYSTEMPATH\Boot.php(67): CodeIgniter\Boot::runCodeIgniter(Object(CodeIgniter\CodeIgniter))
14 FCPATH\index.php(56): CodeIgniter\Boot::bootWeb(Object(Config\Paths))
ERROR - 2024-08-26 00:47:29 --> mysqli_sql_exception: Column 'dpi' cannot be null in C:\xampp\htdocs\Proyectos\HT2-CodeIgniter4\system\Database\MySQLi\Connection.php:312
Stack trace:
#0 C:\xampp\htdocs\Proyectos\HT2-CodeIgniter4\system\Database\MySQLi\Connection.php(312): mysqli->query('INSERT INTO `ci...', 0)
#1 C:\xampp\htdocs\Proyectos\HT2-CodeIgniter4\system\Database\BaseConnection.php(734): CodeIgniter\Database\MySQLi\Connection->execute('INSERT INTO `ci...')
#2 C:\xampp\htdocs\Proyectos\HT2-CodeIgniter4\system\Database\BaseConnection.php(648): CodeIgniter\Database\BaseConnection->simpleQuery('INSERT INTO `ci...')
#3 C:\xampp\htdocs\Proyectos\HT2-CodeIgniter4\system\Database\BaseBuilder.php(2332): CodeIgniter\Database\BaseConnection->query('INSERT INTO `ci...', Array, false)
#4 C:\xampp\htdocs\Proyectos\HT2-CodeIgniter4\system\Model.php(394): CodeIgniter\Database\BaseBuilder->insert()
#5 C:\xampp\htdocs\Proyectos\HT2-CodeIgniter4\system\BaseModel.php(840): CodeIgniter\Model->doInsert(Array)
#6 C:\xampp\htdocs\Proyectos\HT2-CodeIgniter4\system\Model.php(802): CodeIgniter\BaseModel->insert(Array, true)
#7 C:\xampp\htdocs\Proyectos\HT2-CodeIgniter4\app\Controllers\CiudadanosController.php(37): CodeIgniter\Model->insert(Array)
#8 C:\xampp\htdocs\Proyectos\HT2-CodeIgniter4\system\CodeIgniter.php(933): App\Controllers\CiudadanosController->guardarCiudadano()
#9 C:\xampp\htdocs\Proyectos\HT2-CodeIgniter4\system\CodeIgniter.php(509): CodeIgniter\CodeIgniter->runController(Object(App\Controllers\CiudadanosController))
#10 C:\xampp\htdocs\Proyectos\HT2-CodeIgniter4\system\CodeIgniter.php(355): CodeIgniter\CodeIgniter->handleRequest(NULL, Object(Config\Cache), false)
#11 C:\xampp\htdocs\Proyectos\HT2-CodeIgniter4\system\Boot.php(325): CodeIgniter\CodeIgniter->run()
#12 C:\xampp\htdocs\Proyectos\HT2-CodeIgniter4\system\Boot.php(67): CodeIgniter\Boot::runCodeIgniter(Object(CodeIgniter\CodeIgniter))
#13 C:\xampp\htdocs\Proyectos\HT2-CodeIgniter4\public\index.php(56): CodeIgniter\Boot::bootWeb(Object(Config\Paths))
#14 {main}
CRITICAL - 2024-08-26 00:47:29 --> CodeIgniter\Database\Exceptions\DatabaseException: Column 'dpi' cannot be null
[Method: POST, Route: guardar_ciudadano]
in SYSTEMPATH\Database\BaseConnection.php on line 688.
 1 SYSTEMPATH\Database\BaseBuilder.php(2332): CodeIgniter\Database\BaseConnection->query('INSERT INTO `ciudadanos` (`dpi`, `apellido`, `nombre`, `direccion`, `tel_casa`, `tel_movil`, `email`, `fechanac`, `cod_nivel_acad`, `cod_muni`, `contra`) VALUES (:dpi:, :apellido:, :nombre:, :direccion:, :tel_casa:, :tel_movil:, :email:, :fechanac:, :cod_nivel_acad:, :cod_muni:, :contra:)', [...], false)
 2 SYSTEMPATH\Model.php(394): CodeIgniter\Database\BaseBuilder->insert()
 3 SYSTEMPATH\BaseModel.php(840): CodeIgniter\Model->doInsert([...])
 4 SYSTEMPATH\Model.php(802): CodeIgniter\BaseModel->insert([...], true)
 5 APPPATH\Controllers\CiudadanosController.php(37): CodeIgniter\Model->insert([...])
 6 SYSTEMPATH\CodeIgniter.php(933): App\Controllers\CiudadanosController->guardarCiudadano()
 7 SYSTEMPATH\CodeIgniter.php(509): CodeIgniter\CodeIgniter->runController(Object(App\Controllers\CiudadanosController))
 8 SYSTEMPATH\CodeIgniter.php(355): CodeIgniter\CodeIgniter->handleRequest(null, Object(Config\Cache), false)
 9 SYSTEMPATH\Boot.php(325): CodeIgniter\CodeIgniter->run()
10 SYSTEMPATH\Boot.php(67): CodeIgniter\Boot::runCodeIgniter(Object(CodeIgniter\CodeIgniter))
11 FCPATH\index.php(56): CodeIgniter\Boot::bootWeb(Object(Config\Paths))
CRITICAL - 2024-08-26 00:47:29 --> [Caused by] CodeIgniter\Database\Exceptions\DatabaseException: Column 'dpi' cannot be null
in SYSTEMPATH\Database\MySQLi\Connection.php on line 317.
 1 SYSTEMPATH\Database\BaseConnection.php(734): CodeIgniter\Database\MySQLi\Connection->execute('INSERT INTO `ciudadanos` (`dpi`, `apellido`, `nombre`, `direccion`, `tel_casa`, `tel_movil`, `email`, `fechanac`, `cod_nivel_acad`, `cod_muni`, `contra`) VALUES (NULL, NULL, NULL, NULL, NULL, NULL, NULL, NULL, NULL, NULL, NULL)')
 2 SYSTEMPATH\Database\BaseConnection.php(648): CodeIgniter\Database\BaseConnection->simpleQuery('INSERT INTO `ciudadanos` (`dpi`, `apellido`, `nombre`, `direccion`, `tel_casa`, `tel_movil`, `email`, `fechanac`, `cod_nivel_acad`, `cod_muni`, `contra`) VALUES (NULL, NULL, NULL, NULL, NULL, NULL, NULL, NULL, NULL, NULL, NULL)')
 3 SYSTEMPATH\Database\BaseBuilder.php(2332): CodeIgniter\Database\BaseConnection->query('INSERT INTO `ciudadanos` (`dpi`, `apellido`, `nombre`, `direccion`, `tel_casa`, `tel_movil`, `email`, `fechanac`, `cod_nivel_acad`, `cod_muni`, `contra`) VALUES (:dpi:, :apellido:, :nombre:, :direccion:, :tel_casa:, :tel_movil:, :email:, :fechanac:, :cod_nivel_acad:, :cod_muni:, :contra:)', [...], false)
 4 SYSTEMPATH\Model.php(394): CodeIgniter\Database\BaseBuilder->insert()
 5 SYSTEMPATH\BaseModel.php(840): CodeIgniter\Model->doInsert([...])
 6 SYSTEMPATH\Model.php(802): CodeIgniter\BaseModel->insert([...], true)
 7 APPPATH\Controllers\CiudadanosController.php(37): CodeIgniter\Model->insert([...])
 8 SYSTEMPATH\CodeIgniter.php(933): App\Controllers\CiudadanosController->guardarCiudadano()
 9 SYSTEMPATH\CodeIgniter.php(509): CodeIgniter\CodeIgniter->runController(Object(App\Controllers\CiudadanosController))
10 SYSTEMPATH\CodeIgniter.php(355): CodeIgniter\CodeIgniter->handleRequest(null, Object(Config\Cache), false)
11 SYSTEMPATH\Boot.php(325): CodeIgniter\CodeIgniter->run()
12 SYSTEMPATH\Boot.php(67): CodeIgniter\Boot::runCodeIgniter(Object(CodeIgniter\CodeIgniter))
13 FCPATH\index.php(56): CodeIgniter\Boot::bootWeb(Object(Config\Paths))
CRITICAL - 2024-08-26 00:47:29 --> [Caused by] mysqli_sql_exception: Column 'dpi' cannot be null
in SYSTEMPATH\Database\MySQLi\Connection.php on line 312.
 1 SYSTEMPATH\Database\MySQLi\Connection.php(312): mysqli->query('INSERT INTO `ciudadanos` (`dpi`, `apellido`, `nombre`, `direccion`, `tel_casa`, `tel_movil`, `email`, `fechanac`, `cod_nivel_acad`, `cod_muni`, `contra`) VALUES (NULL, NULL, NULL, NULL, NULL, NULL, NULL, NULL, NULL, NULL, NULL)', 0)
 2 SYSTEMPATH\Database\BaseConnection.php(734): CodeIgniter\Database\MySQLi\Connection->execute('INSERT INTO `ciudadanos` (`dpi`, `apellido`, `nombre`, `direccion`, `tel_casa`, `tel_movil`, `email`, `fechanac`, `cod_nivel_acad`, `cod_muni`, `contra`) VALUES (NULL, NULL, NULL, NULL, NULL, NULL, NULL, NULL, NULL, NULL, NULL)')
 3 SYSTEMPATH\Database\BaseConnection.php(648): CodeIgniter\Database\BaseConnection->simpleQuery('INSERT INTO `ciudadanos` (`dpi`, `apellido`, `nombre`, `direccion`, `tel_casa`, `tel_movil`, `email`, `fechanac`, `cod_nivel_acad`, `cod_muni`, `contra`) VALUES (NULL, NULL, NULL, NULL, NULL, NULL, NULL, NULL, NULL, NULL, NULL)')
 4 SYSTEMPATH\Database\BaseBuilder.php(2332): CodeIgniter\Database\BaseConnection->query('INSERT INTO `ciudadanos` (`dpi`, `apellido`, `nombre`, `direccion`, `tel_casa`, `tel_movil`, `email`, `fechanac`, `cod_nivel_acad`, `cod_muni`, `contra`) VALUES (:dpi:, :apellido:, :nombre:, :direccion:, :tel_casa:, :tel_movil:, :email:, :fechanac:, :cod_nivel_acad:, :cod_muni:, :contra:)', [...], false)
 5 SYSTEMPATH\Model.php(394): CodeIgniter\Database\BaseBuilder->insert()
 6 SYSTEMPATH\BaseModel.php(840): CodeIgniter\Model->doInsert([...])
 7 SYSTEMPATH\Model.php(802): CodeIgniter\BaseModel->insert([...], true)
 8 APPPATH\Controllers\CiudadanosController.php(37): CodeIgniter\Model->insert([...])
 9 SYSTEMPATH\CodeIgniter.php(933): App\Controllers\CiudadanosController->guardarCiudadano()
10 SYSTEMPATH\CodeIgniter.php(509): CodeIgniter\CodeIgniter->runController(Object(App\Controllers\CiudadanosController))
11 SYSTEMPATH\CodeIgniter.php(355): CodeIgniter\CodeIgniter->handleRequest(null, Object(Config\Cache), false)
12 SYSTEMPATH\Boot.php(325): CodeIgniter\CodeIgniter->run()
13 SYSTEMPATH\Boot.php(67): CodeIgniter\Boot::runCodeIgniter(Object(CodeIgniter\CodeIgniter))
14 FCPATH\index.php(56): CodeIgniter\Boot::bootWeb(Object(Config\Paths))
CRITICAL - 2024-08-26 00:49:02 --> CodeIgniter\Database\Exceptions\DatabaseException: Updates are not allowed unless they contain a "where" or "like" clause.
[Method: POST, Route: modificar_ciudadano]
in SYSTEMPATH\Model.php on line 456.
 1 SYSTEMPATH\BaseModel.php(1028): CodeIgniter\Model->doUpdate(null, [...])
 2 SYSTEMPATH\Model.php(865): CodeIgniter\BaseModel->update(null, [...])
 3 APPPATH\Controllers\CiudadanosController.php(71): CodeIgniter\Model->update(null, [...])
 4 SYSTEMPATH\CodeIgniter.php(933): App\Controllers\CiudadanosController->modificarCiudadano()
 5 SYSTEMPATH\CodeIgniter.php(509): CodeIgniter\CodeIgniter->runController(Object(App\Controllers\CiudadanosController))
 6 SYSTEMPATH\CodeIgniter.php(355): CodeIgniter\CodeIgniter->handleRequest(null, Object(Config\Cache), false)
 7 SYSTEMPATH\Boot.php(325): CodeIgniter\CodeIgniter->run()
 8 SYSTEMPATH\Boot.php(67): CodeIgniter\Boot::runCodeIgniter(Object(CodeIgniter\CodeIgniter))
 9 FCPATH\index.php(56): CodeIgniter\Boot::bootWeb(Object(Config\Paths))
CRITICAL - 2024-08-26 00:49:30 --> CodeIgniter\Database\Exceptions\DatabaseException: Updates are not allowed unless they contain a "where" or "like" clause.
[Method: POST, Route: modificar_ciudadano]
in SYSTEMPATH\Model.php on line 456.
 1 SYSTEMPATH\BaseModel.php(1028): CodeIgniter\Model->doUpdate(null, [...])
 2 SYSTEMPATH\Model.php(865): CodeIgniter\BaseModel->update(null, [...])
 3 APPPATH\Controllers\CiudadanosController.php(71): CodeIgniter\Model->update(null, [...])
 4 SYSTEMPATH\CodeIgniter.php(933): App\Controllers\CiudadanosController->modificarCiudadano()
 5 SYSTEMPATH\CodeIgniter.php(509): CodeIgniter\CodeIgniter->runController(Object(App\Controllers\CiudadanosController))
 6 SYSTEMPATH\CodeIgniter.php(355): CodeIgniter\CodeIgniter->handleRequest(null, Object(Config\Cache), false)
 7 SYSTEMPATH\Boot.php(325): CodeIgniter\CodeIgniter->run()
 8 SYSTEMPATH\Boot.php(67): CodeIgniter\Boot::runCodeIgniter(Object(CodeIgniter\CodeIgniter))
 9 FCPATH\index.php(56): CodeIgniter\Boot::bootWeb(Object(Config\Paths))
CRITICAL - 2024-08-26 00:56:29 --> CodeIgniter\Database\Exceptions\DatabaseException: Updates are not allowed unless they contain a "where" or "like" clause.
[Method: POST, Route: modificar_ciudadano]
in SYSTEMPATH\Model.php on line 456.
 1 SYSTEMPATH\BaseModel.php(1028): CodeIgniter\Model->doUpdate(null, [...])
 2 SYSTEMPATH\Model.php(865): CodeIgniter\BaseModel->update(null, [...])
 3 APPPATH\Controllers\CiudadanosController.php(71): CodeIgniter\Model->update(null, [...])
 4 SYSTEMPATH\CodeIgniter.php(933): App\Controllers\CiudadanosController->modificarCiudadano()
 5 SYSTEMPATH\CodeIgniter.php(509): CodeIgniter\CodeIgniter->runController(Object(App\Controllers\CiudadanosController))
 6 SYSTEMPATH\CodeIgniter.php(355): CodeIgniter\CodeIgniter->handleRequest(null, Object(Config\Cache), false)
 7 SYSTEMPATH\Boot.php(325): CodeIgniter\CodeIgniter->run()
 8 SYSTEMPATH\Boot.php(67): CodeIgniter\Boot::runCodeIgniter(Object(CodeIgniter\CodeIgniter))
 9 FCPATH\index.php(56): CodeIgniter\Boot::bootWeb(Object(Config\Paths))
INFO - 2024-08-26 00:59:53 --> Session: Class initialized using 'CodeIgniter\Session\Handlers\FileHandler' driver.
INFO - 2024-08-26 00:59:56 --> Session: Class initialized using 'CodeIgniter\Session\Handlers\FileHandler' driver.
INFO - 2024-08-26 01:00:29 --> Session: Class initialized using 'CodeIgniter\Session\Handlers\FileHandler' driver.
CRITICAL - 2024-08-26 01:05:20 --> Error: Call to undefined method App\Controllers\CiudadanosController::initController()
[Method: GET, Route: actualizar_ciudadano/1007928191909]
in SYSTEMPATH\CodeIgniter.php on line 904.
 1 SYSTEMPATH\CodeIgniter.php(500): CodeIgniter\CodeIgniter->createController()
 2 SYSTEMPATH\CodeIgniter.php(355): CodeIgniter\CodeIgniter->handleRequest(null, Object(Config\Cache), false)
 3 SYSTEMPATH\Boot.php(325): CodeIgniter\CodeIgniter->run()
 4 SYSTEMPATH\Boot.php(67): CodeIgniter\Boot::runCodeIgniter(Object(CodeIgniter\CodeIgniter))
 5 FCPATH\index.php(56): CodeIgniter\Boot::bootWeb(Object(Config\Paths))
CRITICAL - 2024-08-26 01:06:17 --> CodeIgniter\Database\Exceptions\DatabaseException: Updates are not allowed unless they contain a "where" or "like" clause.
[Method: POST, Route: modificar_ciudadano]
in SYSTEMPATH\Model.php on line 456.
 1 SYSTEMPATH\BaseModel.php(1028): CodeIgniter\Model->doUpdate(null, [...])
 2 SYSTEMPATH\Model.php(865): CodeIgniter\BaseModel->update(null, [...])
 3 APPPATH\Controllers\CiudadanosController.php(71): CodeIgniter\Model->update(null, [...])
 4 SYSTEMPATH\CodeIgniter.php(933): App\Controllers\CiudadanosController->modificarCiudadano()
 5 SYSTEMPATH\CodeIgniter.php(509): CodeIgniter\CodeIgniter->runController(Object(App\Controllers\CiudadanosController))
 6 SYSTEMPATH\CodeIgniter.php(355): CodeIgniter\CodeIgniter->handleRequest(null, Object(Config\Cache), false)
 7 SYSTEMPATH\Boot.php(325): CodeIgniter\CodeIgniter->run()
 8 SYSTEMPATH\Boot.php(67): CodeIgniter\Boot::runCodeIgniter(Object(CodeIgniter\CodeIgniter))
 9 FCPATH\index.php(56): CodeIgniter\Boot::bootWeb(Object(Config\Paths))
ERROR - 2024-08-26 01:22:20 --> mysqli_sql_exception: Cannot add or update a child row: a foreign key constraint fails (`bd_ciudadanos`.`ciudadanos`, CONSTRAINT `ciudadanos_ibfk_3` FOREIGN KEY (`cod_muni`) REFERENCES `municipios` (`cod_muni`) ON DELETE CASCADE ON UPDATE CASCADE) in C:\xampp\htdocs\Proyectos\HT2-CodeIgniter4\system\Database\MySQLi\Connection.php:312
Stack trace:
#0 C:\xampp\htdocs\Proyectos\HT2-CodeIgniter4\system\Database\MySQLi\Connection.php(312): mysqli->query('INSERT INTO `ci...', 0)
#1 C:\xampp\htdocs\Proyectos\HT2-CodeIgniter4\system\Database\BaseConnection.php(734): CodeIgniter\Database\MySQLi\Connection->execute('INSERT INTO `ci...')
#2 C:\xampp\htdocs\Proyectos\HT2-CodeIgniter4\system\Database\BaseConnection.php(648): CodeIgniter\Database\BaseConnection->simpleQuery('INSERT INTO `ci...')
#3 C:\xampp\htdocs\Proyectos\HT2-CodeIgniter4\system\Database\BaseBuilder.php(2332): CodeIgniter\Database\BaseConnection->query('INSERT INTO `ci...', Array, false)
#4 C:\xampp\htdocs\Proyectos\HT2-CodeIgniter4\system\Model.php(394): CodeIgniter\Database\BaseBuilder->insert()
#5 C:\xampp\htdocs\Proyectos\HT2-CodeIgniter4\system\BaseModel.php(840): CodeIgniter\Model->doInsert(Array)
#6 C:\xampp\htdocs\Proyectos\HT2-CodeIgniter4\system\Model.php(802): CodeIgniter\BaseModel->insert(Array, true)
#7 C:\xampp\htdocs\Proyectos\HT2-CodeIgniter4\app\Controllers\CiudadanosController.php(37): CodeIgniter\Model->insert(Array)
#8 C:\xampp\htdocs\Proyectos\HT2-CodeIgniter4\system\CodeIgniter.php(933): App\Controllers\CiudadanosController->guardarCiudadano()
#9 C:\xampp\htdocs\Proyectos\HT2-CodeIgniter4\system\CodeIgniter.php(509): CodeIgniter\CodeIgniter->runController(Object(App\Controllers\CiudadanosController))
#10 C:\xampp\htdocs\Proyectos\HT2-CodeIgniter4\system\CodeIgniter.php(355): CodeIgniter\CodeIgniter->handleRequest(NULL, Object(Config\Cache), false)
#11 C:\xampp\htdocs\Proyectos\HT2-CodeIgniter4\system\Boot.php(325): CodeIgniter\CodeIgniter->run()
#12 C:\xampp\htdocs\Proyectos\HT2-CodeIgniter4\system\Boot.php(67): CodeIgniter\Boot::runCodeIgniter(Object(CodeIgniter\CodeIgniter))
#13 C:\xampp\htdocs\Proyectos\HT2-CodeIgniter4\public\index.php(56): CodeIgniter\Boot::bootWeb(Object(Config\Paths))
#14 {main}
CRITICAL - 2024-08-26 01:22:20 --> CodeIgniter\Database\Exceptions\DatabaseException: Cannot add or update a child row: a foreign key constraint fails (`bd_ciudadanos`.`ciudadanos`, CONSTRAINT `ciudadanos_ibfk_3` FOREIGN KEY (`cod_muni`) REFERENCES `municipios` (`cod_muni`) ON DELETE CASCADE ON UPDATE CASCADE)
[Method: POST, Route: guardar_ciudadano]
in SYSTEMPATH\Database\BaseConnection.php on line 688.
 1 SYSTEMPATH\Database\BaseBuilder.php(2332): CodeIgniter\Database\BaseConnection->query('INSERT INTO `ciudadanos` (`apellido`, `nombre`, `direccion`, `tel_casa`, `tel_movil`, `email`, `fechanac`, `cod_nivel_acad`, `cod_muni`, `contra`) VALUES (:apellido:, :nombre:, :direccion:, :tel_casa:, :tel_movil:, :email:, :fechanac:, :cod_nivel_acad:, :cod_muni:, :contra:)', [...], false)
 2 SYSTEMPATH\Model.php(394): CodeIgniter\Database\BaseBuilder->insert()
 3 SYSTEMPATH\BaseModel.php(840): CodeIgniter\Model->doInsert([...])
 4 SYSTEMPATH\Model.php(802): CodeIgniter\BaseModel->insert([...], true)
 5 APPPATH\Controllers\CiudadanosController.php(37): CodeIgniter\Model->insert([...])
 6 SYSTEMPATH\CodeIgniter.php(933): App\Controllers\CiudadanosController->guardarCiudadano()
 7 SYSTEMPATH\CodeIgniter.php(509): CodeIgniter\CodeIgniter->runController(Object(App\Controllers\CiudadanosController))
 8 SYSTEMPATH\CodeIgniter.php(355): CodeIgniter\CodeIgniter->handleRequest(null, Object(Config\Cache), false)
 9 SYSTEMPATH\Boot.php(325): CodeIgniter\CodeIgniter->run()
10 SYSTEMPATH\Boot.php(67): CodeIgniter\Boot::runCodeIgniter(Object(CodeIgniter\CodeIgniter))
11 FCPATH\index.php(56): CodeIgniter\Boot::bootWeb(Object(Config\Paths))
CRITICAL - 2024-08-26 01:22:20 --> [Caused by] CodeIgniter\Database\Exceptions\DatabaseException: Cannot add or update a child row: a foreign key constraint fails (`bd_ciudadanos`.`ciudadanos`, CONSTRAINT `ciudadanos_ibfk_3` FOREIGN KEY (`cod_muni`) REFERENCES `municipios` (`cod_muni`) ON DELETE CASCADE ON UPDATE CASCADE)
in SYSTEMPATH\Database\MySQLi\Connection.php on line 317.
 1 SYSTEMPATH\Database\BaseConnection.php(734): CodeIgniter\Database\MySQLi\Connection->execute('INSERT INTO `ciudadanos` (`apellido`, `nombre`, `direccion`, `tel_casa`, `tel_movil`, `email`, `fechanac`, `cod_nivel_acad`, `cod_muni`, `contra`) VALUES (\'Santos Morales\', \'Jenccy Giovanni\', \'1av 8-50\', \'42544745\', \'36073864\', \'Jenncysantos@gmail.com\', \'2002-12-23\', \'3\', \'1\', \'12345678\')')
 2 SYSTEMPATH\Database\BaseConnection.php(648): CodeIgniter\Database\BaseConnection->simpleQuery('INSERT INTO `ciudadanos` (`apellido`, `nombre`, `direccion`, `tel_casa`, `tel_movil`, `email`, `fechanac`, `cod_nivel_acad`, `cod_muni`, `contra`) VALUES (\'Santos Morales\', \'Jenccy Giovanni\', \'1av 8-50\', \'42544745\', \'36073864\', \'Jenncysantos@gmail.com\', \'2002-12-23\', \'3\', \'1\', \'12345678\')')
 3 SYSTEMPATH\Database\BaseBuilder.php(2332): CodeIgniter\Database\BaseConnection->query('INSERT INTO `ciudadanos` (`apellido`, `nombre`, `direccion`, `tel_casa`, `tel_movil`, `email`, `fechanac`, `cod_nivel_acad`, `cod_muni`, `contra`) VALUES (:apellido:, :nombre:, :direccion:, :tel_casa:, :tel_movil:, :email:, :fechanac:, :cod_nivel_acad:, :cod_muni:, :contra:)', [...], false)
 4 SYSTEMPATH\Model.php(394): CodeIgniter\Database\BaseBuilder->insert()
 5 SYSTEMPATH\BaseModel.php(840): CodeIgniter\Model->doInsert([...])
 6 SYSTEMPATH\Model.php(802): CodeIgniter\BaseModel->insert([...], true)
 7 APPPATH\Controllers\CiudadanosController.php(37): CodeIgniter\Model->insert([...])
 8 SYSTEMPATH\CodeIgniter.php(933): App\Controllers\CiudadanosController->guardarCiudadano()
 9 SYSTEMPATH\CodeIgniter.php(509): CodeIgniter\CodeIgniter->runController(Object(App\Controllers\CiudadanosController))
10 SYSTEMPATH\CodeIgniter.php(355): CodeIgniter\CodeIgniter->handleRequest(null, Object(Config\Cache), false)
11 SYSTEMPATH\Boot.php(325): CodeIgniter\CodeIgniter->run()
12 SYSTEMPATH\Boot.php(67): CodeIgniter\Boot::runCodeIgniter(Object(CodeIgniter\CodeIgniter))
13 FCPATH\index.php(56): CodeIgniter\Boot::bootWeb(Object(Config\Paths))
CRITICAL - 2024-08-26 01:22:20 --> [Caused by] mysqli_sql_exception: Cannot add or update a child row: a foreign key constraint fails (`bd_ciudadanos`.`ciudadanos`, CONSTRAINT `ciudadanos_ibfk_3` FOREIGN KEY (`cod_muni`) REFERENCES `municipios` (`cod_muni`) ON DELETE CASCADE ON UPDATE CASCADE)
in SYSTEMPATH\Database\MySQLi\Connection.php on line 312.
 1 SYSTEMPATH\Database\MySQLi\Connection.php(312): mysqli->query('INSERT INTO `ciudadanos` (`apellido`, `nombre`, `direccion`, `tel_casa`, `tel_movil`, `email`, `fechanac`, `cod_nivel_acad`, `cod_muni`, `contra`) VALUES (\'Santos Morales\', \'Jenccy Giovanni\', \'1av 8-50\', \'42544745\', \'36073864\', \'Jenncysantos@gmail.com\', \'2002-12-23\', \'3\', \'1\', \'12345678\')', 0)
 2 SYSTEMPATH\Database\BaseConnection.php(734): CodeIgniter\Database\MySQLi\Connection->execute('INSERT INTO `ciudadanos` (`apellido`, `nombre`, `direccion`, `tel_casa`, `tel_movil`, `email`, `fechanac`, `cod_nivel_acad`, `cod_muni`, `contra`) VALUES (\'Santos Morales\', \'Jenccy Giovanni\', \'1av 8-50\', \'42544745\', \'36073864\', \'Jenncysantos@gmail.com\', \'2002-12-23\', \'3\', \'1\', \'12345678\')')
 3 SYSTEMPATH\Database\BaseConnection.php(648): CodeIgniter\Database\BaseConnection->simpleQuery('INSERT INTO `ciudadanos` (`apellido`, `nombre`, `direccion`, `tel_casa`, `tel_movil`, `email`, `fechanac`, `cod_nivel_acad`, `cod_muni`, `contra`) VALUES (\'Santos Morales\', \'Jenccy Giovanni\', \'1av 8-50\', \'42544745\', \'36073864\', \'Jenncysantos@gmail.com\', \'2002-12-23\', \'3\', \'1\', \'12345678\')')
 4 SYSTEMPATH\Database\BaseBuilder.php(2332): CodeIgniter\Database\BaseConnection->query('INSERT INTO `ciudadanos` (`apellido`, `nombre`, `direccion`, `tel_casa`, `tel_movil`, `email`, `fechanac`, `cod_nivel_acad`, `cod_muni`, `contra`) VALUES (:apellido:, :nombre:, :direccion:, :tel_casa:, :tel_movil:, :email:, :fechanac:, :cod_nivel_acad:, :cod_muni:, :contra:)', [...], false)
 5 SYSTEMPATH\Model.php(394): CodeIgniter\Database\BaseBuilder->insert()
 6 SYSTEMPATH\BaseModel.php(840): CodeIgniter\Model->doInsert([...])
 7 SYSTEMPATH\Model.php(802): CodeIgniter\BaseModel->insert([...], true)
 8 APPPATH\Controllers\CiudadanosController.php(37): CodeIgniter\Model->insert([...])
 9 SYSTEMPATH\CodeIgniter.php(933): App\Controllers\CiudadanosController->guardarCiudadano()
10 SYSTEMPATH\CodeIgniter.php(509): CodeIgniter\CodeIgniter->runController(Object(App\Controllers\CiudadanosController))
11 SYSTEMPATH\CodeIgniter.php(355): CodeIgniter\CodeIgniter->handleRequest(null, Object(Config\Cache), false)
12 SYSTEMPATH\Boot.php(325): CodeIgniter\CodeIgniter->run()
13 SYSTEMPATH\Boot.php(67): CodeIgniter\Boot::runCodeIgniter(Object(CodeIgniter\CodeIgniter))
14 FCPATH\index.php(56): CodeIgniter\Boot::bootWeb(Object(Config\Paths))
ERROR - 2024-08-26 01:25:25 --> mysqli_sql_exception: Cannot add or update a child row: a foreign key constraint fails (`bd_ciudadanos`.`ciudadanos`, CONSTRAINT `ciudadanos_ibfk_2` FOREIGN KEY (`cod_nivel_acad`) REFERENCES `nivelesacademicos` (`cod_nivel_acad`) ON DELETE CASCADE ON UPDATE CASCADE) in C:\xampp\htdocs\Proyectos\HT2-CodeIgniter4\system\Database\MySQLi\Connection.php:312
Stack trace:
#0 C:\xampp\htdocs\Proyectos\HT2-CodeIgniter4\system\Database\MySQLi\Connection.php(312): mysqli->query('INSERT INTO `ci...', 0)
#1 C:\xampp\htdocs\Proyectos\HT2-CodeIgniter4\system\Database\BaseConnection.php(734): CodeIgniter\Database\MySQLi\Connection->execute('INSERT INTO `ci...')
#2 C:\xampp\htdocs\Proyectos\HT2-CodeIgniter4\system\Database\BaseConnection.php(648): CodeIgniter\Database\BaseConnection->simpleQuery('INSERT INTO `ci...')
#3 C:\xampp\htdocs\Proyectos\HT2-CodeIgniter4\system\Database\BaseBuilder.php(2332): CodeIgniter\Database\BaseConnection->query('INSERT INTO `ci...', Array, false)
#4 C:\xampp\htdocs\Proyectos\HT2-CodeIgniter4\system\Model.php(394): CodeIgniter\Database\BaseBuilder->insert()
#5 C:\xampp\htdocs\Proyectos\HT2-CodeIgniter4\system\BaseModel.php(840): CodeIgniter\Model->doInsert(Array)
#6 C:\xampp\htdocs\Proyectos\HT2-CodeIgniter4\system\Model.php(802): CodeIgniter\BaseModel->insert(Array, true)
#7 C:\xampp\htdocs\Proyectos\HT2-CodeIgniter4\app\Controllers\CiudadanosController.php(37): CodeIgniter\Model->insert(Array)
#8 C:\xampp\htdocs\Proyectos\HT2-CodeIgniter4\system\CodeIgniter.php(933): App\Controllers\CiudadanosController->guardarCiudadano()
#9 C:\xampp\htdocs\Proyectos\HT2-CodeIgniter4\system\CodeIgniter.php(509): CodeIgniter\CodeIgniter->runController(Object(App\Controllers\CiudadanosController))
#10 C:\xampp\htdocs\Proyectos\HT2-CodeIgniter4\system\CodeIgniter.php(355): CodeIgniter\CodeIgniter->handleRequest(NULL, Object(Config\Cache), false)
#11 C:\xampp\htdocs\Proyectos\HT2-CodeIgniter4\system\Boot.php(325): CodeIgniter\CodeIgniter->run()
#12 C:\xampp\htdocs\Proyectos\HT2-CodeIgniter4\system\Boot.php(67): CodeIgniter\Boot::runCodeIgniter(Object(CodeIgniter\CodeIgniter))
#13 C:\xampp\htdocs\Proyectos\HT2-CodeIgniter4\public\index.php(56): CodeIgniter\Boot::bootWeb(Object(Config\Paths))
#14 {main}
CRITICAL - 2024-08-26 01:25:25 --> CodeIgniter\Database\Exceptions\DatabaseException: Cannot add or update a child row: a foreign key constraint fails (`bd_ciudadanos`.`ciudadanos`, CONSTRAINT `ciudadanos_ibfk_2` FOREIGN KEY (`cod_nivel_acad`) REFERENCES `nivelesacademicos` (`cod_nivel_acad`) ON DELETE CASCADE ON UPDATE CASCADE)
[Method: POST, Route: guardar_ciudadano]
in SYSTEMPATH\Database\BaseConnection.php on line 688.
 1 SYSTEMPATH\Database\BaseBuilder.php(2332): CodeIgniter\Database\BaseConnection->query('INSERT INTO `ciudadanos` (`apellido`, `nombre`, `direccion`, `tel_casa`, `tel_movil`, `email`, `fechanac`, `cod_nivel_acad`, `cod_muni`, `contra`) VALUES (:apellido:, :nombre:, :direccion:, :tel_casa:, :tel_movil:, :email:, :fechanac:, :cod_nivel_acad:, :cod_muni:, :contra:)', [...], false)
 2 SYSTEMPATH\Model.php(394): CodeIgniter\Database\BaseBuilder->insert()
 3 SYSTEMPATH\BaseModel.php(840): CodeIgniter\Model->doInsert([...])
 4 SYSTEMPATH\Model.php(802): CodeIgniter\BaseModel->insert([...], true)
 5 APPPATH\Controllers\CiudadanosController.php(37): CodeIgniter\Model->insert([...])
 6 SYSTEMPATH\CodeIgniter.php(933): App\Controllers\CiudadanosController->guardarCiudadano()
 7 SYSTEMPATH\CodeIgniter.php(509): CodeIgniter\CodeIgniter->runController(Object(App\Controllers\CiudadanosController))
 8 SYSTEMPATH\CodeIgniter.php(355): CodeIgniter\CodeIgniter->handleRequest(null, Object(Config\Cache), false)
 9 SYSTEMPATH\Boot.php(325): CodeIgniter\CodeIgniter->run()
10 SYSTEMPATH\Boot.php(67): CodeIgniter\Boot::runCodeIgniter(Object(CodeIgniter\CodeIgniter))
11 FCPATH\index.php(56): CodeIgniter\Boot::bootWeb(Object(Config\Paths))
CRITICAL - 2024-08-26 01:25:25 --> [Caused by] CodeIgniter\Database\Exceptions\DatabaseException: Cannot add or update a child row: a foreign key constraint fails (`bd_ciudadanos`.`ciudadanos`, CONSTRAINT `ciudadanos_ibfk_2` FOREIGN KEY (`cod_nivel_acad`) REFERENCES `nivelesacademicos` (`cod_nivel_acad`) ON DELETE CASCADE ON UPDATE CASCADE)
in SYSTEMPATH\Database\MySQLi\Connection.php on line 317.
 1 SYSTEMPATH\Database\BaseConnection.php(734): CodeIgniter\Database\MySQLi\Connection->execute('INSERT INTO `ciudadanos` (`apellido`, `nombre`, `direccion`, `tel_casa`, `tel_movil`, `email`, `fechanac`, `cod_nivel_acad`, `cod_muni`, `contra`) VALUES (\'Santos Morales\', \'Jenccy Giovanni\', \'1av 8-50\', \'42544745\', \'36073864\', \'Jenncysantos@gmail.com\', \'2002-12-23\', \'3\', \'110\', \'12345678\')')
 2 SYSTEMPATH\Database\BaseConnection.php(648): CodeIgniter\Database\BaseConnection->simpleQuery('INSERT INTO `ciudadanos` (`apellido`, `nombre`, `direccion`, `tel_casa`, `tel_movil`, `email`, `fechanac`, `cod_nivel_acad`, `cod_muni`, `contra`) VALUES (\'Santos Morales\', \'Jenccy Giovanni\', \'1av 8-50\', \'42544745\', \'36073864\', \'Jenncysantos@gmail.com\', \'2002-12-23\', \'3\', \'110\', \'12345678\')')
 3 SYSTEMPATH\Database\BaseBuilder.php(2332): CodeIgniter\Database\BaseConnection->query('INSERT INTO `ciudadanos` (`apellido`, `nombre`, `direccion`, `tel_casa`, `tel_movil`, `email`, `fechanac`, `cod_nivel_acad`, `cod_muni`, `contra`) VALUES (:apellido:, :nombre:, :direccion:, :tel_casa:, :tel_movil:, :email:, :fechanac:, :cod_nivel_acad:, :cod_muni:, :contra:)', [...], false)
 4 SYSTEMPATH\Model.php(394): CodeIgniter\Database\BaseBuilder->insert()
 5 SYSTEMPATH\BaseModel.php(840): CodeIgniter\Model->doInsert([...])
 6 SYSTEMPATH\Model.php(802): CodeIgniter\BaseModel->insert([...], true)
 7 APPPATH\Controllers\CiudadanosController.php(37): CodeIgniter\Model->insert([...])
 8 SYSTEMPATH\CodeIgniter.php(933): App\Controllers\CiudadanosController->guardarCiudadano()
 9 SYSTEMPATH\CodeIgniter.php(509): CodeIgniter\CodeIgniter->runController(Object(App\Controllers\CiudadanosController))
10 SYSTEMPATH\CodeIgniter.php(355): CodeIgniter\CodeIgniter->handleRequest(null, Object(Config\Cache), false)
11 SYSTEMPATH\Boot.php(325): CodeIgniter\CodeIgniter->run()
12 SYSTEMPATH\Boot.php(67): CodeIgniter\Boot::runCodeIgniter(Object(CodeIgniter\CodeIgniter))
13 FCPATH\index.php(56): CodeIgniter\Boot::bootWeb(Object(Config\Paths))
CRITICAL - 2024-08-26 01:25:25 --> [Caused by] mysqli_sql_exception: Cannot add or update a child row: a foreign key constraint fails (`bd_ciudadanos`.`ciudadanos`, CONSTRAINT `ciudadanos_ibfk_2` FOREIGN KEY (`cod_nivel_acad`) REFERENCES `nivelesacademicos` (`cod_nivel_acad`) ON DELETE CASCADE ON UPDATE CASCADE)
in SYSTEMPATH\Database\MySQLi\Connection.php on line 312.
 1 SYSTEMPATH\Database\MySQLi\Connection.php(312): mysqli->query('INSERT INTO `ciudadanos` (`apellido`, `nombre`, `direccion`, `tel_casa`, `tel_movil`, `email`, `fechanac`, `cod_nivel_acad`, `cod_muni`, `contra`) VALUES (\'Santos Morales\', \'Jenccy Giovanni\', \'1av 8-50\', \'42544745\', \'36073864\', \'Jenncysantos@gmail.com\', \'2002-12-23\', \'3\', \'110\', \'12345678\')', 0)
 2 SYSTEMPATH\Database\BaseConnection.php(734): CodeIgniter\Database\MySQLi\Connection->execute('INSERT INTO `ciudadanos` (`apellido`, `nombre`, `direccion`, `tel_casa`, `tel_movil`, `email`, `fechanac`, `cod_nivel_acad`, `cod_muni`, `contra`) VALUES (\'Santos Morales\', \'Jenccy Giovanni\', \'1av 8-50\', \'42544745\', \'36073864\', \'Jenncysantos@gmail.com\', \'2002-12-23\', \'3\', \'110\', \'12345678\')')
 3 SYSTEMPATH\Database\BaseConnection.php(648): CodeIgniter\Database\BaseConnection->simpleQuery('INSERT INTO `ciudadanos` (`apellido`, `nombre`, `direccion`, `tel_casa`, `tel_movil`, `email`, `fechanac`, `cod_nivel_acad`, `cod_muni`, `contra`) VALUES (\'Santos Morales\', \'Jenccy Giovanni\', \'1av 8-50\', \'42544745\', \'36073864\', \'Jenncysantos@gmail.com\', \'2002-12-23\', \'3\', \'110\', \'12345678\')')
 4 SYSTEMPATH\Database\BaseBuilder.php(2332): CodeIgniter\Database\BaseConnection->query('INSERT INTO `ciudadanos` (`apellido`, `nombre`, `direccion`, `tel_casa`, `tel_movil`, `email`, `fechanac`, `cod_nivel_acad`, `cod_muni`, `contra`) VALUES (:apellido:, :nombre:, :direccion:, :tel_casa:, :tel_movil:, :email:, :fechanac:, :cod_nivel_acad:, :cod_muni:, :contra:)', [...], false)
 5 SYSTEMPATH\Model.php(394): CodeIgniter\Database\BaseBuilder->insert()
 6 SYSTEMPATH\BaseModel.php(840): CodeIgniter\Model->doInsert([...])
 7 SYSTEMPATH\Model.php(802): CodeIgniter\BaseModel->insert([...], true)
 8 APPPATH\Controllers\CiudadanosController.php(37): CodeIgniter\Model->insert([...])
 9 SYSTEMPATH\CodeIgniter.php(933): App\Controllers\CiudadanosController->guardarCiudadano()
10 SYSTEMPATH\CodeIgniter.php(509): CodeIgniter\CodeIgniter->runController(Object(App\Controllers\CiudadanosController))
11 SYSTEMPATH\CodeIgniter.php(355): CodeIgniter\CodeIgniter->handleRequest(null, Object(Config\Cache), false)
12 SYSTEMPATH\Boot.php(325): CodeIgniter\CodeIgniter->run()
13 SYSTEMPATH\Boot.php(67): CodeIgniter\Boot::runCodeIgniter(Object(CodeIgniter\CodeIgniter))
14 FCPATH\index.php(56): CodeIgniter\Boot::bootWeb(Object(Config\Paths))
ERROR - 2024-08-26 01:26:33 --> mysqli_sql_exception: Cannot add or update a child row: a foreign key constraint fails (`bd_ciudadanos`.`ciudadanos`, CONSTRAINT `ciudadanos_ibfk_2` FOREIGN KEY (`cod_nivel_acad`) REFERENCES `nivelesacademicos` (`cod_nivel_acad`) ON DELETE CASCADE ON UPDATE CASCADE) in C:\xampp\htdocs\Proyectos\HT2-CodeIgniter4\system\Database\MySQLi\Connection.php:312
Stack trace:
#0 C:\xampp\htdocs\Proyectos\HT2-CodeIgniter4\system\Database\MySQLi\Connection.php(312): mysqli->query('INSERT INTO `ci...', 0)
#1 C:\xampp\htdocs\Proyectos\HT2-CodeIgniter4\system\Database\BaseConnection.php(734): CodeIgniter\Database\MySQLi\Connection->execute('INSERT INTO `ci...')
#2 C:\xampp\htdocs\Proyectos\HT2-CodeIgniter4\system\Database\BaseConnection.php(648): CodeIgniter\Database\BaseConnection->simpleQuery('INSERT INTO `ci...')
#3 C:\xampp\htdocs\Proyectos\HT2-CodeIgniter4\system\Database\BaseBuilder.php(2332): CodeIgniter\Database\BaseConnection->query('INSERT INTO `ci...', Array, false)
#4 C:\xampp\htdocs\Proyectos\HT2-CodeIgniter4\system\Model.php(394): CodeIgniter\Database\BaseBuilder->insert()
#5 C:\xampp\htdocs\Proyectos\HT2-CodeIgniter4\system\BaseModel.php(840): CodeIgniter\Model->doInsert(Array)
#6 C:\xampp\htdocs\Proyectos\HT2-CodeIgniter4\system\Model.php(802): CodeIgniter\BaseModel->insert(Array, true)
#7 C:\xampp\htdocs\Proyectos\HT2-CodeIgniter4\app\Controllers\CiudadanosController.php(37): CodeIgniter\Model->insert(Array)
#8 C:\xampp\htdocs\Proyectos\HT2-CodeIgniter4\system\CodeIgniter.php(933): App\Controllers\CiudadanosController->guardarCiudadano()
#9 C:\xampp\htdocs\Proyectos\HT2-CodeIgniter4\system\CodeIgniter.php(509): CodeIgniter\CodeIgniter->runController(Object(App\Controllers\CiudadanosController))
#10 C:\xampp\htdocs\Proyectos\HT2-CodeIgniter4\system\CodeIgniter.php(355): CodeIgniter\CodeIgniter->handleRequest(NULL, Object(Config\Cache), false)
#11 C:\xampp\htdocs\Proyectos\HT2-CodeIgniter4\system\Boot.php(325): CodeIgniter\CodeIgniter->run()
#12 C:\xampp\htdocs\Proyectos\HT2-CodeIgniter4\system\Boot.php(67): CodeIgniter\Boot::runCodeIgniter(Object(CodeIgniter\CodeIgniter))
#13 C:\xampp\htdocs\Proyectos\HT2-CodeIgniter4\public\index.php(56): CodeIgniter\Boot::bootWeb(Object(Config\Paths))
#14 {main}
CRITICAL - 2024-08-26 01:26:33 --> CodeIgniter\Database\Exceptions\DatabaseException: Cannot add or update a child row: a foreign key constraint fails (`bd_ciudadanos`.`ciudadanos`, CONSTRAINT `ciudadanos_ibfk_2` FOREIGN KEY (`cod_nivel_acad`) REFERENCES `nivelesacademicos` (`cod_nivel_acad`) ON DELETE CASCADE ON UPDATE CASCADE)
[Method: POST, Route: guardar_ciudadano]
in SYSTEMPATH\Database\BaseConnection.php on line 688.
 1 SYSTEMPATH\Database\BaseBuilder.php(2332): CodeIgniter\Database\BaseConnection->query('INSERT INTO `ciudadanos` (`apellido`, `nombre`, `direccion`, `tel_casa`, `tel_movil`, `email`, `fechanac`, `cod_nivel_acad`, `cod_muni`, `contra`) VALUES (:apellido:, :nombre:, :direccion:, :tel_casa:, :tel_movil:, :email:, :fechanac:, :cod_nivel_acad:, :cod_muni:, :contra:)', [...], false)
 2 SYSTEMPATH\Model.php(394): CodeIgniter\Database\BaseBuilder->insert()
 3 SYSTEMPATH\BaseModel.php(840): CodeIgniter\Model->doInsert([...])
 4 SYSTEMPATH\Model.php(802): CodeIgniter\BaseModel->insert([...], true)
 5 APPPATH\Controllers\CiudadanosController.php(37): CodeIgniter\Model->insert([...])
 6 SYSTEMPATH\CodeIgniter.php(933): App\Controllers\CiudadanosController->guardarCiudadano()
 7 SYSTEMPATH\CodeIgniter.php(509): CodeIgniter\CodeIgniter->runController(Object(App\Controllers\CiudadanosController))
 8 SYSTEMPATH\CodeIgniter.php(355): CodeIgniter\CodeIgniter->handleRequest(null, Object(Config\Cache), false)
 9 SYSTEMPATH\Boot.php(325): CodeIgniter\CodeIgniter->run()
10 SYSTEMPATH\Boot.php(67): CodeIgniter\Boot::runCodeIgniter(Object(CodeIgniter\CodeIgniter))
11 FCPATH\index.php(56): CodeIgniter\Boot::bootWeb(Object(Config\Paths))
CRITICAL - 2024-08-26 01:26:33 --> [Caused by] CodeIgniter\Database\Exceptions\DatabaseException: Cannot add or update a child row: a foreign key constraint fails (`bd_ciudadanos`.`ciudadanos`, CONSTRAINT `ciudadanos_ibfk_2` FOREIGN KEY (`cod_nivel_acad`) REFERENCES `nivelesacademicos` (`cod_nivel_acad`) ON DELETE CASCADE ON UPDATE CASCADE)
in SYSTEMPATH\Database\MySQLi\Connection.php on line 317.
 1 SYSTEMPATH\Database\BaseConnection.php(734): CodeIgniter\Database\MySQLi\Connection->execute('INSERT INTO `ciudadanos` (`apellido`, `nombre`, `direccion`, `tel_casa`, `tel_movil`, `email`, `fechanac`, `cod_nivel_acad`, `cod_muni`, `contra`) VALUES (\'Santos Morales\', \'Jenccy Giovanni\', \'1av 8-50\', \'42544745\', \'36073864\', \'Jenncysantos@gmail.com\', \'2002-12-23\', \'3\', \'110\', \'12345678\')')
 2 SYSTEMPATH\Database\BaseConnection.php(648): CodeIgniter\Database\BaseConnection->simpleQuery('INSERT INTO `ciudadanos` (`apellido`, `nombre`, `direccion`, `tel_casa`, `tel_movil`, `email`, `fechanac`, `cod_nivel_acad`, `cod_muni`, `contra`) VALUES (\'Santos Morales\', \'Jenccy Giovanni\', \'1av 8-50\', \'42544745\', \'36073864\', \'Jenncysantos@gmail.com\', \'2002-12-23\', \'3\', \'110\', \'12345678\')')
 3 SYSTEMPATH\Database\BaseBuilder.php(2332): CodeIgniter\Database\BaseConnection->query('INSERT INTO `ciudadanos` (`apellido`, `nombre`, `direccion`, `tel_casa`, `tel_movil`, `email`, `fechanac`, `cod_nivel_acad`, `cod_muni`, `contra`) VALUES (:apellido:, :nombre:, :direccion:, :tel_casa:, :tel_movil:, :email:, :fechanac:, :cod_nivel_acad:, :cod_muni:, :contra:)', [...], false)
 4 SYSTEMPATH\Model.php(394): CodeIgniter\Database\BaseBuilder->insert()
 5 SYSTEMPATH\BaseModel.php(840): CodeIgniter\Model->doInsert([...])
 6 SYSTEMPATH\Model.php(802): CodeIgniter\BaseModel->insert([...], true)
 7 APPPATH\Controllers\CiudadanosController.php(37): CodeIgniter\Model->insert([...])
 8 SYSTEMPATH\CodeIgniter.php(933): App\Controllers\CiudadanosController->guardarCiudadano()
 9 SYSTEMPATH\CodeIgniter.php(509): CodeIgniter\CodeIgniter->runController(Object(App\Controllers\CiudadanosController))
10 SYSTEMPATH\CodeIgniter.php(355): CodeIgniter\CodeIgniter->handleRequest(null, Object(Config\Cache), false)
11 SYSTEMPATH\Boot.php(325): CodeIgniter\CodeIgniter->run()
12 SYSTEMPATH\Boot.php(67): CodeIgniter\Boot::runCodeIgniter(Object(CodeIgniter\CodeIgniter))
13 FCPATH\index.php(56): CodeIgniter\Boot::bootWeb(Object(Config\Paths))
CRITICAL - 2024-08-26 01:26:33 --> [Caused by] mysqli_sql_exception: Cannot add or update a child row: a foreign key constraint fails (`bd_ciudadanos`.`ciudadanos`, CONSTRAINT `ciudadanos_ibfk_2` FOREIGN KEY (`cod_nivel_acad`) REFERENCES `nivelesacademicos` (`cod_nivel_acad`) ON DELETE CASCADE ON UPDATE CASCADE)
in SYSTEMPATH\Database\MySQLi\Connection.php on line 312.
 1 SYSTEMPATH\Database\MySQLi\Connection.php(312): mysqli->query('INSERT INTO `ciudadanos` (`apellido`, `nombre`, `direccion`, `tel_casa`, `tel_movil`, `email`, `fechanac`, `cod_nivel_acad`, `cod_muni`, `contra`) VALUES (\'Santos Morales\', \'Jenccy Giovanni\', \'1av 8-50\', \'42544745\', \'36073864\', \'Jenncysantos@gmail.com\', \'2002-12-23\', \'3\', \'110\', \'12345678\')', 0)
 2 SYSTEMPATH\Database\BaseConnection.php(734): CodeIgniter\Database\MySQLi\Connection->execute('INSERT INTO `ciudadanos` (`apellido`, `nombre`, `direccion`, `tel_casa`, `tel_movil`, `email`, `fechanac`, `cod_nivel_acad`, `cod_muni`, `contra`) VALUES (\'Santos Morales\', \'Jenccy Giovanni\', \'1av 8-50\', \'42544745\', \'36073864\', \'Jenncysantos@gmail.com\', \'2002-12-23\', \'3\', \'110\', \'12345678\')')
 3 SYSTEMPATH\Database\BaseConnection.php(648): CodeIgniter\Database\BaseConnection->simpleQuery('INSERT INTO `ciudadanos` (`apellido`, `nombre`, `direccion`, `tel_casa`, `tel_movil`, `email`, `fechanac`, `cod_nivel_acad`, `cod_muni`, `contra`) VALUES (\'Santos Morales\', \'Jenccy Giovanni\', \'1av 8-50\', \'42544745\', \'36073864\', \'Jenncysantos@gmail.com\', \'2002-12-23\', \'3\', \'110\', \'12345678\')')
 4 SYSTEMPATH\Database\BaseBuilder.php(2332): CodeIgniter\Database\BaseConnection->query('INSERT INTO `ciudadanos` (`apellido`, `nombre`, `direccion`, `tel_casa`, `tel_movil`, `email`, `fechanac`, `cod_nivel_acad`, `cod_muni`, `contra`) VALUES (:apellido:, :nombre:, :direccion:, :tel_casa:, :tel_movil:, :email:, :fechanac:, :cod_nivel_acad:, :cod_muni:, :contra:)', [...], false)
 5 SYSTEMPATH\Model.php(394): CodeIgniter\Database\BaseBuilder->insert()
 6 SYSTEMPATH\BaseModel.php(840): CodeIgniter\Model->doInsert([...])
 7 SYSTEMPATH\Model.php(802): CodeIgniter\BaseModel->insert([...], true)
 8 APPPATH\Controllers\CiudadanosController.php(37): CodeIgniter\Model->insert([...])
 9 SYSTEMPATH\CodeIgniter.php(933): App\Controllers\CiudadanosController->guardarCiudadano()
10 SYSTEMPATH\CodeIgniter.php(509): CodeIgniter\CodeIgniter->runController(Object(App\Controllers\CiudadanosController))
11 SYSTEMPATH\CodeIgniter.php(355): CodeIgniter\CodeIgniter->handleRequest(null, Object(Config\Cache), false)
12 SYSTEMPATH\Boot.php(325): CodeIgniter\CodeIgniter->run()
13 SYSTEMPATH\Boot.php(67): CodeIgniter\Boot::runCodeIgniter(Object(CodeIgniter\CodeIgniter))
14 FCPATH\index.php(56): CodeIgniter\Boot::bootWeb(Object(Config\Paths))
ERROR - 2024-08-26 01:26:35 --> mysqli_sql_exception: Cannot add or update a child row: a foreign key constraint fails (`bd_ciudadanos`.`ciudadanos`, CONSTRAINT `ciudadanos_ibfk_2` FOREIGN KEY (`cod_nivel_acad`) REFERENCES `nivelesacademicos` (`cod_nivel_acad`) ON DELETE CASCADE ON UPDATE CASCADE) in C:\xampp\htdocs\Proyectos\HT2-CodeIgniter4\system\Database\MySQLi\Connection.php:312
Stack trace:
#0 C:\xampp\htdocs\Proyectos\HT2-CodeIgniter4\system\Database\MySQLi\Connection.php(312): mysqli->query('INSERT INTO `ci...', 0)
#1 C:\xampp\htdocs\Proyectos\HT2-CodeIgniter4\system\Database\BaseConnection.php(734): CodeIgniter\Database\MySQLi\Connection->execute('INSERT INTO `ci...')
#2 C:\xampp\htdocs\Proyectos\HT2-CodeIgniter4\system\Database\BaseConnection.php(648): CodeIgniter\Database\BaseConnection->simpleQuery('INSERT INTO `ci...')
#3 C:\xampp\htdocs\Proyectos\HT2-CodeIgniter4\system\Database\BaseBuilder.php(2332): CodeIgniter\Database\BaseConnection->query('INSERT INTO `ci...', Array, false)
#4 C:\xampp\htdocs\Proyectos\HT2-CodeIgniter4\system\Model.php(394): CodeIgniter\Database\BaseBuilder->insert()
#5 C:\xampp\htdocs\Proyectos\HT2-CodeIgniter4\system\BaseModel.php(840): CodeIgniter\Model->doInsert(Array)
#6 C:\xampp\htdocs\Proyectos\HT2-CodeIgniter4\system\Model.php(802): CodeIgniter\BaseModel->insert(Array, true)
#7 C:\xampp\htdocs\Proyectos\HT2-CodeIgniter4\app\Controllers\CiudadanosController.php(37): CodeIgniter\Model->insert(Array)
#8 C:\xampp\htdocs\Proyectos\HT2-CodeIgniter4\system\CodeIgniter.php(933): App\Controllers\CiudadanosController->guardarCiudadano()
#9 C:\xampp\htdocs\Proyectos\HT2-CodeIgniter4\system\CodeIgniter.php(509): CodeIgniter\CodeIgniter->runController(Object(App\Controllers\CiudadanosController))
#10 C:\xampp\htdocs\Proyectos\HT2-CodeIgniter4\system\CodeIgniter.php(355): CodeIgniter\CodeIgniter->handleRequest(NULL, Object(Config\Cache), false)
#11 C:\xampp\htdocs\Proyectos\HT2-CodeIgniter4\system\Boot.php(325): CodeIgniter\CodeIgniter->run()
#12 C:\xampp\htdocs\Proyectos\HT2-CodeIgniter4\system\Boot.php(67): CodeIgniter\Boot::runCodeIgniter(Object(CodeIgniter\CodeIgniter))
#13 C:\xampp\htdocs\Proyectos\HT2-CodeIgniter4\public\index.php(56): CodeIgniter\Boot::bootWeb(Object(Config\Paths))
#14 {main}
CRITICAL - 2024-08-26 01:26:35 --> CodeIgniter\Database\Exceptions\DatabaseException: Cannot add or update a child row: a foreign key constraint fails (`bd_ciudadanos`.`ciudadanos`, CONSTRAINT `ciudadanos_ibfk_2` FOREIGN KEY (`cod_nivel_acad`) REFERENCES `nivelesacademicos` (`cod_nivel_acad`) ON DELETE CASCADE ON UPDATE CASCADE)
[Method: POST, Route: guardar_ciudadano]
in SYSTEMPATH\Database\BaseConnection.php on line 688.
 1 SYSTEMPATH\Database\BaseBuilder.php(2332): CodeIgniter\Database\BaseConnection->query('INSERT INTO `ciudadanos` (`apellido`, `nombre`, `direccion`, `tel_casa`, `tel_movil`, `email`, `fechanac`, `cod_nivel_acad`, `cod_muni`, `contra`) VALUES (:apellido:, :nombre:, :direccion:, :tel_casa:, :tel_movil:, :email:, :fechanac:, :cod_nivel_acad:, :cod_muni:, :contra:)', [...], false)
 2 SYSTEMPATH\Model.php(394): CodeIgniter\Database\BaseBuilder->insert()
 3 SYSTEMPATH\BaseModel.php(840): CodeIgniter\Model->doInsert([...])
 4 SYSTEMPATH\Model.php(802): CodeIgniter\BaseModel->insert([...], true)
 5 APPPATH\Controllers\CiudadanosController.php(37): CodeIgniter\Model->insert([...])
 6 SYSTEMPATH\CodeIgniter.php(933): App\Controllers\CiudadanosController->guardarCiudadano()
 7 SYSTEMPATH\CodeIgniter.php(509): CodeIgniter\CodeIgniter->runController(Object(App\Controllers\CiudadanosController))
 8 SYSTEMPATH\CodeIgniter.php(355): CodeIgniter\CodeIgniter->handleRequest(null, Object(Config\Cache), false)
 9 SYSTEMPATH\Boot.php(325): CodeIgniter\CodeIgniter->run()
10 SYSTEMPATH\Boot.php(67): CodeIgniter\Boot::runCodeIgniter(Object(CodeIgniter\CodeIgniter))
11 FCPATH\index.php(56): CodeIgniter\Boot::bootWeb(Object(Config\Paths))
CRITICAL - 2024-08-26 01:26:35 --> [Caused by] CodeIgniter\Database\Exceptions\DatabaseException: Cannot add or update a child row: a foreign key constraint fails (`bd_ciudadanos`.`ciudadanos`, CONSTRAINT `ciudadanos_ibfk_2` FOREIGN KEY (`cod_nivel_acad`) REFERENCES `nivelesacademicos` (`cod_nivel_acad`) ON DELETE CASCADE ON UPDATE CASCADE)
in SYSTEMPATH\Database\MySQLi\Connection.php on line 317.
 1 SYSTEMPATH\Database\BaseConnection.php(734): CodeIgniter\Database\MySQLi\Connection->execute('INSERT INTO `ciudadanos` (`apellido`, `nombre`, `direccion`, `tel_casa`, `tel_movil`, `email`, `fechanac`, `cod_nivel_acad`, `cod_muni`, `contra`) VALUES (\'Santos Morales\', \'Jenccy Giovanni\', \'1av 8-50\', \'42544745\', \'36073864\', \'Jenncysantos@gmail.com\', \'2002-12-23\', \'3\', \'110\', \'12345678\')')
 2 SYSTEMPATH\Database\BaseConnection.php(648): CodeIgniter\Database\BaseConnection->simpleQuery('INSERT INTO `ciudadanos` (`apellido`, `nombre`, `direccion`, `tel_casa`, `tel_movil`, `email`, `fechanac`, `cod_nivel_acad`, `cod_muni`, `contra`) VALUES (\'Santos Morales\', \'Jenccy Giovanni\', \'1av 8-50\', \'42544745\', \'36073864\', \'Jenncysantos@gmail.com\', \'2002-12-23\', \'3\', \'110\', \'12345678\')')
 3 SYSTEMPATH\Database\BaseBuilder.php(2332): CodeIgniter\Database\BaseConnection->query('INSERT INTO `ciudadanos` (`apellido`, `nombre`, `direccion`, `tel_casa`, `tel_movil`, `email`, `fechanac`, `cod_nivel_acad`, `cod_muni`, `contra`) VALUES (:apellido:, :nombre:, :direccion:, :tel_casa:, :tel_movil:, :email:, :fechanac:, :cod_nivel_acad:, :cod_muni:, :contra:)', [...], false)
 4 SYSTEMPATH\Model.php(394): CodeIgniter\Database\BaseBuilder->insert()
 5 SYSTEMPATH\BaseModel.php(840): CodeIgniter\Model->doInsert([...])
 6 SYSTEMPATH\Model.php(802): CodeIgniter\BaseModel->insert([...], true)
 7 APPPATH\Controllers\CiudadanosController.php(37): CodeIgniter\Model->insert([...])
 8 SYSTEMPATH\CodeIgniter.php(933): App\Controllers\CiudadanosController->guardarCiudadano()
 9 SYSTEMPATH\CodeIgniter.php(509): CodeIgniter\CodeIgniter->runController(Object(App\Controllers\CiudadanosController))
10 SYSTEMPATH\CodeIgniter.php(355): CodeIgniter\CodeIgniter->handleRequest(null, Object(Config\Cache), false)
11 SYSTEMPATH\Boot.php(325): CodeIgniter\CodeIgniter->run()
12 SYSTEMPATH\Boot.php(67): CodeIgniter\Boot::runCodeIgniter(Object(CodeIgniter\CodeIgniter))
13 FCPATH\index.php(56): CodeIgniter\Boot::bootWeb(Object(Config\Paths))
CRITICAL - 2024-08-26 01:26:35 --> [Caused by] mysqli_sql_exception: Cannot add or update a child row: a foreign key constraint fails (`bd_ciudadanos`.`ciudadanos`, CONSTRAINT `ciudadanos_ibfk_2` FOREIGN KEY (`cod_nivel_acad`) REFERENCES `nivelesacademicos` (`cod_nivel_acad`) ON DELETE CASCADE ON UPDATE CASCADE)
in SYSTEMPATH\Database\MySQLi\Connection.php on line 312.
 1 SYSTEMPATH\Database\MySQLi\Connection.php(312): mysqli->query('INSERT INTO `ciudadanos` (`apellido`, `nombre`, `direccion`, `tel_casa`, `tel_movil`, `email`, `fechanac`, `cod_nivel_acad`, `cod_muni`, `contra`) VALUES (\'Santos Morales\', \'Jenccy Giovanni\', \'1av 8-50\', \'42544745\', \'36073864\', \'Jenncysantos@gmail.com\', \'2002-12-23\', \'3\', \'110\', \'12345678\')', 0)
 2 SYSTEMPATH\Database\BaseConnection.php(734): CodeIgniter\Database\MySQLi\Connection->execute('INSERT INTO `ciudadanos` (`apellido`, `nombre`, `direccion`, `tel_casa`, `tel_movil`, `email`, `fechanac`, `cod_nivel_acad`, `cod_muni`, `contra`) VALUES (\'Santos Morales\', \'Jenccy Giovanni\', \'1av 8-50\', \'42544745\', \'36073864\', \'Jenncysantos@gmail.com\', \'2002-12-23\', \'3\', \'110\', \'12345678\')')
 3 SYSTEMPATH\Database\BaseConnection.php(648): CodeIgniter\Database\BaseConnection->simpleQuery('INSERT INTO `ciudadanos` (`apellido`, `nombre`, `direccion`, `tel_casa`, `tel_movil`, `email`, `fechanac`, `cod_nivel_acad`, `cod_muni`, `contra`) VALUES (\'Santos Morales\', \'Jenccy Giovanni\', \'1av 8-50\', \'42544745\', \'36073864\', \'Jenncysantos@gmail.com\', \'2002-12-23\', \'3\', \'110\', \'12345678\')')
 4 SYSTEMPATH\Database\BaseBuilder.php(2332): CodeIgniter\Database\BaseConnection->query('INSERT INTO `ciudadanos` (`apellido`, `nombre`, `direccion`, `tel_casa`, `tel_movil`, `email`, `fechanac`, `cod_nivel_acad`, `cod_muni`, `contra`) VALUES (:apellido:, :nombre:, :direccion:, :tel_casa:, :tel_movil:, :email:, :fechanac:, :cod_nivel_acad:, :cod_muni:, :contra:)', [...], false)
 5 SYSTEMPATH\Model.php(394): CodeIgniter\Database\BaseBuilder->insert()
 6 SYSTEMPATH\BaseModel.php(840): CodeIgniter\Model->doInsert([...])
 7 SYSTEMPATH\Model.php(802): CodeIgniter\BaseModel->insert([...], true)
 8 APPPATH\Controllers\CiudadanosController.php(37): CodeIgniter\Model->insert([...])
 9 SYSTEMPATH\CodeIgniter.php(933): App\Controllers\CiudadanosController->guardarCiudadano()
10 SYSTEMPATH\CodeIgniter.php(509): CodeIgniter\CodeIgniter->runController(Object(App\Controllers\CiudadanosController))
11 SYSTEMPATH\CodeIgniter.php(355): CodeIgniter\CodeIgniter->handleRequest(null, Object(Config\Cache), false)
12 SYSTEMPATH\Boot.php(325): CodeIgniter\CodeIgniter->run()
13 SYSTEMPATH\Boot.php(67): CodeIgniter\Boot::runCodeIgniter(Object(CodeIgniter\CodeIgniter))
14 FCPATH\index.php(56): CodeIgniter\Boot::bootWeb(Object(Config\Paths))
ERROR - 2024-08-26 04:31:42 --> mysqli_sql_exception: Duplicate entry '9' for key 'PRIMARY' in C:\xampp\htdocs\Proyectos\HT2-CodeIgniter4\system\Database\MySQLi\Connection.php:312
Stack trace:
#0 C:\xampp\htdocs\Proyectos\HT2-CodeIgniter4\system\Database\MySQLi\Connection.php(312): mysqli->query('INSERT INTO `ni...', 0)
#1 C:\xampp\htdocs\Proyectos\HT2-CodeIgniter4\system\Database\BaseConnection.php(734): CodeIgniter\Database\MySQLi\Connection->execute('INSERT INTO `ni...')
#2 C:\xampp\htdocs\Proyectos\HT2-CodeIgniter4\system\Database\BaseConnection.php(648): CodeIgniter\Database\BaseConnection->simpleQuery('INSERT INTO `ni...')
#3 C:\xampp\htdocs\Proyectos\HT2-CodeIgniter4\system\Database\BaseBuilder.php(2332): CodeIgniter\Database\BaseConnection->query('INSERT INTO `ni...', Array, false)
#4 C:\xampp\htdocs\Proyectos\HT2-CodeIgniter4\system\Model.php(394): CodeIgniter\Database\BaseBuilder->insert()
#5 C:\xampp\htdocs\Proyectos\HT2-CodeIgniter4\system\BaseModel.php(840): CodeIgniter\Model->doInsert(Array)
#6 C:\xampp\htdocs\Proyectos\HT2-CodeIgniter4\system\Model.php(802): CodeIgniter\BaseModel->insert(Array, true)
#7 C:\xampp\htdocs\Proyectos\HT2-CodeIgniter4\app\Controllers\NivelesController.php(29): CodeIgniter\Model->insert(Array)
#8 C:\xampp\htdocs\Proyectos\HT2-CodeIgniter4\system\CodeIgniter.php(933): App\Controllers\NivelesController->guardarNivel()
#9 C:\xampp\htdocs\Proyectos\HT2-CodeIgniter4\system\CodeIgniter.php(509): CodeIgniter\CodeIgniter->runController(Object(App\Controllers\NivelesController))
#10 C:\xampp\htdocs\Proyectos\HT2-CodeIgniter4\system\CodeIgniter.php(355): CodeIgniter\CodeIgniter->handleRequest(NULL, Object(Config\Cache), false)
#11 C:\xampp\htdocs\Proyectos\HT2-CodeIgniter4\system\Boot.php(325): CodeIgniter\CodeIgniter->run()
#12 C:\xampp\htdocs\Proyectos\HT2-CodeIgniter4\system\Boot.php(67): CodeIgniter\Boot::runCodeIgniter(Object(CodeIgniter\CodeIgniter))
#13 C:\xampp\htdocs\Proyectos\HT2-CodeIgniter4\public\index.php(56): CodeIgniter\Boot::bootWeb(Object(Config\Paths))
#14 {main}
CRITICAL - 2024-08-26 04:31:42 --> CodeIgniter\Database\Exceptions\DatabaseException: Duplicate entry '9' for key 'PRIMARY'
[Method: POST, Route: guardar_nivel]
in SYSTEMPATH\Database\BaseConnection.php on line 688.
 1 SYSTEMPATH\Database\BaseBuilder.php(2332): CodeIgniter\Database\BaseConnection->query('INSERT INTO `nivelesacademicos` (`cod_nivel_acad`, `nombre`, `descripcion`) VALUES (:cod_nivel_acad:, :nombre:, :descripcion:)', [...], false)
 2 SYSTEMPATH\Model.php(394): CodeIgniter\Database\BaseBuilder->insert()
 3 SYSTEMPATH\BaseModel.php(840): CodeIgniter\Model->doInsert([...])
 4 SYSTEMPATH\Model.php(802): CodeIgniter\BaseModel->insert([...], true)
 5 APPPATH\Controllers\NivelesController.php(29): CodeIgniter\Model->insert([...])
 6 SYSTEMPATH\CodeIgniter.php(933): App\Controllers\NivelesController->guardarNivel()
 7 SYSTEMPATH\CodeIgniter.php(509): CodeIgniter\CodeIgniter->runController(Object(App\Controllers\NivelesController))
 8 SYSTEMPATH\CodeIgniter.php(355): CodeIgniter\CodeIgniter->handleRequest(null, Object(Config\Cache), false)
 9 SYSTEMPATH\Boot.php(325): CodeIgniter\CodeIgniter->run()
10 SYSTEMPATH\Boot.php(67): CodeIgniter\Boot::runCodeIgniter(Object(CodeIgniter\CodeIgniter))
11 FCPATH\index.php(56): CodeIgniter\Boot::bootWeb(Object(Config\Paths))
CRITICAL - 2024-08-26 04:31:42 --> [Caused by] CodeIgniter\Database\Exceptions\DatabaseException: Duplicate entry '9' for key 'PRIMARY'
in SYSTEMPATH\Database\MySQLi\Connection.php on line 317.
 1 SYSTEMPATH\Database\BaseConnection.php(734): CodeIgniter\Database\MySQLi\Connection->execute('INSERT INTO `nivelesacademicos` (`cod_nivel_acad`, `nombre`, `descripcion`) VALUES (\'9\', \'Sin estudios\', \'111\')')
 2 SYSTEMPATH\Database\BaseConnection.php(648): CodeIgniter\Database\BaseConnection->simpleQuery('INSERT INTO `nivelesacademicos` (`cod_nivel_acad`, `nombre`, `descripcion`) VALUES (\'9\', \'Sin estudios\', \'111\')')
 3 SYSTEMPATH\Database\BaseBuilder.php(2332): CodeIgniter\Database\BaseConnection->query('INSERT INTO `nivelesacademicos` (`cod_nivel_acad`, `nombre`, `descripcion`) VALUES (:cod_nivel_acad:, :nombre:, :descripcion:)', [...], false)
 4 SYSTEMPATH\Model.php(394): CodeIgniter\Database\BaseBuilder->insert()
 5 SYSTEMPATH\BaseModel.php(840): CodeIgniter\Model->doInsert([...])
 6 SYSTEMPATH\Model.php(802): CodeIgniter\BaseModel->insert([...], true)
 7 APPPATH\Controllers\NivelesController.php(29): CodeIgniter\Model->insert([...])
 8 SYSTEMPATH\CodeIgniter.php(933): App\Controllers\NivelesController->guardarNivel()
 9 SYSTEMPATH\CodeIgniter.php(509): CodeIgniter\CodeIgniter->runController(Object(App\Controllers\NivelesController))
10 SYSTEMPATH\CodeIgniter.php(355): CodeIgniter\CodeIgniter->handleRequest(null, Object(Config\Cache), false)
11 SYSTEMPATH\Boot.php(325): CodeIgniter\CodeIgniter->run()
12 SYSTEMPATH\Boot.php(67): CodeIgniter\Boot::runCodeIgniter(Object(CodeIgniter\CodeIgniter))
13 FCPATH\index.php(56): CodeIgniter\Boot::bootWeb(Object(Config\Paths))
CRITICAL - 2024-08-26 04:31:42 --> [Caused by] mysqli_sql_exception: Duplicate entry '9' for key 'PRIMARY'
in SYSTEMPATH\Database\MySQLi\Connection.php on line 312.
 1 SYSTEMPATH\Database\MySQLi\Connection.php(312): mysqli->query('INSERT INTO `nivelesacademicos` (`cod_nivel_acad`, `nombre`, `descripcion`) VALUES (\'9\', \'Sin estudios\', \'111\')', 0)
 2 SYSTEMPATH\Database\BaseConnection.php(734): CodeIgniter\Database\MySQLi\Connection->execute('INSERT INTO `nivelesacademicos` (`cod_nivel_acad`, `nombre`, `descripcion`) VALUES (\'9\', \'Sin estudios\', \'111\')')
 3 SYSTEMPATH\Database\BaseConnection.php(648): CodeIgniter\Database\BaseConnection->simpleQuery('INSERT INTO `nivelesacademicos` (`cod_nivel_acad`, `nombre`, `descripcion`) VALUES (\'9\', \'Sin estudios\', \'111\')')
 4 SYSTEMPATH\Database\BaseBuilder.php(2332): CodeIgniter\Database\BaseConnection->query('INSERT INTO `nivelesacademicos` (`cod_nivel_acad`, `nombre`, `descripcion`) VALUES (:cod_nivel_acad:, :nombre:, :descripcion:)', [...], false)
 5 SYSTEMPATH\Model.php(394): CodeIgniter\Database\BaseBuilder->insert()
 6 SYSTEMPATH\BaseModel.php(840): CodeIgniter\Model->doInsert([...])
 7 SYSTEMPATH\Model.php(802): CodeIgniter\BaseModel->insert([...], true)
 8 APPPATH\Controllers\NivelesController.php(29): CodeIgniter\Model->insert([...])
 9 SYSTEMPATH\CodeIgniter.php(933): App\Controllers\NivelesController->guardarNivel()
10 SYSTEMPATH\CodeIgniter.php(509): CodeIgniter\CodeIgniter->runController(Object(App\Controllers\NivelesController))
11 SYSTEMPATH\CodeIgniter.php(355): CodeIgniter\CodeIgniter->handleRequest(null, Object(Config\Cache), false)
12 SYSTEMPATH\Boot.php(325): CodeIgniter\CodeIgniter->run()
13 SYSTEMPATH\Boot.php(67): CodeIgniter\Boot::runCodeIgniter(Object(CodeIgniter\CodeIgniter))
14 FCPATH\index.php(56): CodeIgniter\Boot::bootWeb(Object(Config\Paths))
